06:42:57 p.m.: test teletransportado al mapa #2.
06:43:02 p.m.: test ha actualizado el mapa #2
07:15:14 p.m.: test teletransportado al mapa #1.
07:15:19 p.m.: test ha actualizado el mapa #1
07:15:40 p.m.: test teletransportado al mapa #2.
07:15:41 p.m.: test teletransportado al mapa #10.
07:17:37 p.m.: test teletransportado al mapa #1.
07:18:26 p.m.: test guardo el NPC #1.
07:18:26 p.m.: test guardo el NPC #12.
07:18:42 p.m.: test ha actualizado el mapa #1
07:19:23 p.m.: test guardo el NPC #1.
07:19:23 p.m.: test guardo el NPC #12.
12:54:08 p.m.: IkiCapitan teletransportado al mapa #1.
12:54:11 p.m.: IkiCapitan teletransportado al mapa #2.
12:54:16 p.m.: IkiCapitan ha transportado a test hacia el mismo, mapa #2.
02:28:44 p.m.: Test guardo el Hechizo #1.
02:28:44 p.m.: Test guardo el Hechizo #3.
02:29:05 p.m.: Test guardo el Objeto #1.
02:29:05 p.m.: Test guardo el Objeto #9.
02:30:12 p.m.: Iki teletransportado al mapa #2.
02:30:23 p.m.: Test teletransportado al mapa #2.
02:32:07 p.m.: Test guardo el Hechizo #1.
02:32:07 p.m.: Test guardo el Hechizo #3.
02:32:46 p.m.: Test guardo el Hechizo #1.
02:32:46 p.m.: Test guardo el Hechizo #3.
02:34:37 p.m.: Test guardo el Hechizo #1.
02:34:37 p.m.: Test guardo el Hechizo #3.
02:35:18 p.m.: Test guardo el Hechizo #1.
02:35:18 p.m.: Test guardo el Hechizo #3.
02:40:36 p.m.: Test guardo el Hechizo #1.
02:40:36 p.m.: Test guardo el Hechizo #3.
12:42:46 p.m.: test2 teletransportado al mapa #2.
12:33:12 p.m.: Test guardo el Hechizo #1.
12:33:12 p.m.: Test guardo el Hechizo #2.
12:33:12 p.m.: Test guardo el Hechizo #3.
12:33:46 p.m.: Test guardo el Hechizo #1.
12:33:46 p.m.: Test guardo el Hechizo #3.
12:33:46 p.m.: Test guardo el Hechizo #4.
12:35:33 p.m.: Iki guardo el Hechizo #1.
12:35:33 p.m.: Iki guardo el Hechizo #2.
12:36:10 p.m.: Iki guardo el Objeto #1.
12:36:10 p.m.: Iki guardo el Objeto #10.
12:36:32 p.m.: Iki transportado al mapa #1.
12:37:28 p.m.: Iki guardo el Hechizo #1.
12:37:28 p.m.: Iki guardo el Hechizo #2.
12:37:28 p.m.: Iki guardo el Hechizo #3.
12:37:49 p.m.: Iki teletransportado al mapa #2.
12:41:24 p.m.: Test guardo el Hechizo #1.
12:41:24 p.m.: Test guardo el Hechizo #4.
12:41:53 p.m.: Test guardo el Objeto #1.
12:41:53 p.m.: Test guardo el Objeto #11.
12:58:16 p.m.: Test guardo el Hechizo #1.
12:58:16 p.m.: Test guardo el Hechizo #4.
01:00:46 p.m.: Test guardo el Hechizo #1.
01:00:46 p.m.: Test guardo el Hechizo #4.
07:17:08 p.m.: Test guardo el Hechizo #1.
07:17:08 p.m.: Test guardo el Hechizo #4.
07:19:12 p.m.: Test curo aTest.
07:19:23 p.m.: Test guardo el Hechizo #1.
07:19:23 p.m.: Test guardo el Hechizo #4.
10:20:32 p.m.: Test guardo el Hechizo #1.
15:54:14: IkiCapitan ha actualizado el mapa #10
15:54:27: IkiCapitan guardo el Recurso #1.
15:54:27: IkiCapitan guardo el Recurso #2.
15:54:27: IkiCapitan guardo el Recurso #3.
15:55:38: IkiCapitan ha actualizado el mapa #10
15:56:57: IkiCapitan ha actualizado el mapa #10
15:58:01: IkiCapitan ha actualizado el mapa #10
15:59:28: IkiCapitan ha actualizado el mapa #10
16:00:58: IkiCapitan ha actualizado el mapa #10
16:01:56: IkiCapitan ha actualizado el mapa #10
16:03:09: IkiCapitan ha actualizado el mapa #10
16:03:55: IkiCapitan ha actualizado el mapa #10
16:04:33: IkiCapitan ha actualizado el mapa #10
16:05:32: IkiCapitan ha actualizado el mapa #10
16:06:09: IkiCapitan ha actualizado el mapa #10
16:06:54: IkiCapitan ha actualizado el mapa #10
16:07:25: IkiCapitan ha actualizado el mapa #10
16:08:31: IkiCapitan ha actualizado el mapa #10
16:08:51: IkiCapitan ha actualizado el mapa #10
16:09:15: IkiCapitan ha actualizado el mapa #10
16:09:31: IkiCapitan ha actualizado el mapa #10
16:11:17: IkiCapitan ha actualizado el mapa #10
16:30:33: IkiCapitan guardo el Objeto #1.
16:30:33: IkiCapitan guardo el Objeto #2.
16:30:33: IkiCapitan guardo el Objeto #3.
16:30:33: IkiCapitan guardo el Objeto #4.
16:30:33: IkiCapitan guardo el Objeto #5.
16:30:33: IkiCapitan guardo el Objeto #6.
16:30:33: IkiCapitan guardo el Objeto #7.
16:30:33: IkiCapitan guardo el Objeto #8.
16:30:33: IkiCapitan guardo el Objeto #9.
16:30:33: IkiCapitan guardo el Objeto #10.
16:30:34: IkiCapitan guardo el Objeto #11.
16:30:34: IkiCapitan guardo el Objeto #2.
16:30:37: IkiCapitan guardo el Objeto #1.
16:31:23: IkiCapitan guardo el Objeto #2.
16:31:24: IkiCapitan guardo el Objeto #3.
16:32:48: IkiCapitan ha actualizado el mapa #10
16:33:16: IkiCapitan ha actualizado el mapa #10
16:33:18: IkiCapitan ha actualizado el mapa #10
16:33:18: IkiCapitan ha actualizado el mapa #10
16:33:19: IkiCapitan ha actualizado el mapa #10
16:33:20: IkiCapitan ha actualizado el mapa #10
16:33:21: IkiCapitan ha actualizado el mapa #10
16:33:21: IkiCapitan ha actualizado el mapa #10
16:35:00: IkiCapitan ha actualizado el mapa #10
16:36:24: IkiCapitan guardo el Objeto #1.
16:36:24: IkiCapitan guardo el Objeto #2.
16:36:24: IkiCapitan guardo el Objeto #3.
16:36:41: IkiCapitan ha actualizado el mapa #10
16:36:57: IkiCapitan ha actualizado el mapa #10
16:38:12: IkiCapitan guardo el Objeto #1.
16:38:12: IkiCapitan guardo el Objeto #2.
16:38:12: IkiCapitan guardo el Objeto #3.
16:38:37: IkiCapitan ha actualizado el mapa #10
16:38:45: IkiCapitan guardo el Objeto #1.
16:38:45: IkiCapitan guardo el Objeto #3.
16:38:59: IkiCapitan ha actualizado el mapa #10
16:39:03: IkiCapitan ha actualizado el mapa #10
16:42:01: IkiCapitan ha actualizado el mapa #10
16:45:13: IkiCapitan ha actualizado el mapa #10
16:45:31: IkiCapitan ha actualizado el mapa #10
16:45:54: IkiCapitan ha actualizado el mapa #10
16:47:33: IkiCapitan ha actualizado el mapa #10
16:49:28: IkiCapitan ha actualizado el mapa #10
16:50:46: IkiCapitan ha actualizado el mapa #10
16:52:14: IkiCapitan ha actualizado el mapa #10
16:55:07: IkiCapitan ha actualizado el mapa #10
16:56:55: IkiCapitan ha actualizado el mapa #10
16:59:34: IkiCapitan guardo el Objeto #1.
16:59:34: IkiCapitan guardo el Objeto #3.
17:01:26: IkiCapitan ha actualizado el mapa #10
17:10:39: IkiCapitan ha actualizado el mapa #10
17:11:25: IkiCapitan ha actualizado el mapa #10
17:13:01: IkiCapitan ha actualizado el mapa #10
17:17:18: IkiCapitan ha actualizado el mapa #10
17:19:00: IkiCapitan ha actualizado el mapa #10
17:20:51: IkiCapitan teletransportado al mapa #1.
17:20:53: IkiCapitan teletransportado al mapa #2.
17:20:56: IkiCapitan teletransportado al mapa #3.
17:20:58: IkiCapitan teletransportado al mapa #4.
17:21:12: IkiCapitan teletransportado al mapa #5.
17:21:14: IkiCapitan teletransportado al mapa #6.
17:21:16: IkiCapitan teletransportado al mapa #7.
17:21:18: IkiCapitan teletransportado al mapa #8.
17:21:20: IkiCapitan teletransportado al mapa #9.
17:21:24: IkiCapitan teletransportado al mapa #10.
18:19:48: IkiCapitan ha actualizado el mapa #10
16:02:35: IkiCapitan guardo el Objeto #1.
16:02:35: IkiCapitan guardo el Objeto #2.
12:33:26: IkiCapitan guardo el NPC #1.
12:33:26: IkiCapitan guardo el NPC #5.
12:33:26: IkiCapitan guardo el NPC #6.
12:33:26: IkiCapitan guardo el NPC #7.
12:33:26: IkiCapitan guardo el NPC #8.
12:33:26: IkiCapitan guardo el NPC #9.
12:33:26: IkiCapitan guardo el NPC #10.
12:33:26: IkiCapitan guardo el NPC #11.
12:33:26: IkiCapitan guardo el NPC #12.
12:33:26: IkiCapitan guardo el NPC #13.
12:34:11: IkiCapitan ha actualizado el mapa #10
12:35:33: IkiCapitan guardo el NPC #1.
12:35:33: IkiCapitan guardo el NPC #13.
12:35:50: IkiCapitan ha actualizado el mapa #10
12:37:02: IkiCapitan guardo el NPC #1.
12:37:02: IkiCapitan guardo el NPC #13.
12:37:58: IkiCapitan ha actualizado el mapa #10
12:39:23: IkiCapitan ha actualizado el mapa #10
12:39:58: IkiCapitan guardo el NPC #1.
12:39:58: IkiCapitan guardo el NPC #13.
12:40:04: IkiCapitan ha actualizado el mapa #10
21:39:51: IkiCapitan ha actualizado el mapa #10
21:44:12: IkiCapitan guardo la Animacion #1.
23:47:57: IkiCapitan ha actualizado el mapa #10
23:49:13: IkiCapitan ha actualizado el mapa #10
10:22:06: IkiCapitan ha actualizado el mapa #10
10:22:09: IkiCapitan ha actualizado el mapa #10
10:23:19: IkiCapitan ha actualizado el mapa #10
10:23:58: IkiCapitan ha actualizado el mapa #10
21:08:13: IkiCapitan guardo el NPC #1.
21:08:13: IkiCapitan guardo el NPC #13.
21:29:39: IkiCapitan teletransportado al mapa #2.
21:29:48: IkiCapitan teletransportado al mapa #10.
21:29:57: IkiCapitan teletransportado al mapa #1.
21:30:01: IkiCapitan teletransportado al mapa #2.
21:30:04: IkiCapitan teletransportado al mapa #3.
21:30:08: IkiCapitan teletransportado al mapa #4.
21:30:09: IkiCapitan teletransportado al mapa #5.
21:30:11: IkiCapitan teletransportado al mapa #6.
21:30:13: IkiCapitan teletransportado al mapa #7.
21:30:15: IkiCapitan teletransportado al mapa #8.
21:30:17: IkiCapitan teletransportado al mapa #9.
21:30:22: IkiCapitan teletransportado al mapa #10.
07:01:35 p.m.: Woolf ha actualizado el mapa #10
07:01:37 p.m.: Woolf ha actualizado el mapa #10
07:01:42 p.m.: Woolf teletransportado al mapa #1.
07:01:45 p.m.: Woolf teletransportado al mapa #2.
07:01:46 p.m.: Woolf teletransportado al mapa #1.
07:01:53 p.m.: Woolf teletransportado al mapa #1.
07:01:54 p.m.: Woolf teletransportado al mapa #1.
07:01:55 p.m.: Woolf teletransportado al mapa #1.
07:02:29 p.m.: Woolf ha actualizado el mapa #1
07:12:23 p.m.: Woolf ha actualizado el mapa #1
07:27:47 p.m.: Woolf guardo el Objeto #1.
07:27:47 p.m.: Woolf guardo el Objeto #2.
07:31:14 p.m.: Woolf ha actualizado el mapa #1
07:32:43 p.m.: Woolf guardo el Objeto #1.
07:32:43 p.m.: Woolf guardo el Objeto #2.
07:32:43 p.m.: Woolf guardo el Objeto #3.
02:21:16 p.m.: Woolf ha actualizado el mapa #1
02:31:26 p.m.: Woolf ha actualizado el mapa #1
02:34:26 p.m.: Woolf ha actualizado el mapa #1
02:39:14 p.m.: Woolf ha actualizado el mapa #1
02:43:03 p.m.: Woolf ha actualizado el mapa #1
02:47:19 p.m.: Woolf ha actualizado el mapa #1
02:49:17 p.m.: Woolf guardo el NPC #1.
02:49:17 p.m.: Woolf guardo el NPC #2.
02:49:17 p.m.: Woolf guardo el NPC #4.
02:49:17 p.m.: Woolf guardo el NPC #5.
02:49:17 p.m.: Woolf guardo el NPC #6.
02:49:17 p.m.: Woolf guardo el NPC #7.
02:49:17 p.m.: Woolf guardo el NPC #8.
02:49:17 p.m.: Woolf guardo el NPC #9.
02:49:17 p.m.: Woolf guardo el NPC #10.
02:49:17 p.m.: Woolf guardo el NPC #11.
02:49:17 p.m.: Woolf guardo el NPC #12.
02:49:17 p.m.: Woolf guardo el NPC #13.
02:51:23 p.m.: Woolf guardo la Mision #1.
02:51:23 p.m.: Woolf guardo la Mision #15.
02:53:27 p.m.: Woolf guardo la Mision #1.
02:53:27 p.m.: Woolf guardo la Mision #15.
02:54:36 p.m.: Woolf ha actualizado el mapa #1
02:54:54 p.m.: Woolf guardo el NPC #1.
02:54:54 p.m.: Woolf guardo el NPC #12.
02:56:46 p.m.: Woolf guardo la Mision #1.
02:56:46 p.m.: Woolf guardo la Mision #15.
02:56:46 p.m.: Woolf guardo la Mision #16.
03:24:17 p.m.: Woolf ha actualizado el mapa #1
03:28:46 p.m.: Woolf guardo la Mision #1.
03:28:58 p.m.: Woolf guardo el NPC #1.
03:28:58 p.m.: Woolf guardo el NPC #2.
09:40:56 p.m.: Woolf guardo el Objeto #1.
09:30:04 p.m.: Woolf ha actualizado el mapa #1
09:30:25 p.m.: Woolf ha actualizado el mapa #1
09:30:59 p.m.: Woolf ha actualizado el mapa #1
09:31:02 p.m.: Woolf ha actualizado el mapa #1
10:20:17 p.m.: Woolf ha actualizado el mapa #1
03:45:08 p.m.: Pene teletransportado al mapa #1.
03:48:57 p.m.: Pene guardo el Hechizo #1.
03:48:57 p.m.: Pene guardo el Hechizo #4.
03:48:57 p.m.: Pene guardo el Hechizo #5.
03:49:51 p.m.: Pene guardo el Objeto #1.
03:49:51 p.m.: Pene guardo el Objeto #2.
03:49:51 p.m.: Pene guardo el Objeto #3.
03:49:51 p.m.: Pene guardo el Objeto #4.
03:50:05 p.m.: Pene ha actualizado el mapa #1
03:55:40 p.m.: Pene guardo el Hechizo #1.
03:55:40 p.m.: Pene guardo el Hechizo #5.
03:55:52 p.m.: Pene guardo el Hechizo #1.
03:55:52 p.m.: Pene guardo el Hechizo #2.
03:55:52 p.m.: Pene guardo el Hechizo #3.
03:55:52 p.m.: Pene guardo el Hechizo #4.
03:55:52 p.m.: Pene guardo el Hechizo #5.
03:56:37 p.m.: Pene guardo el Objeto #1.
03:56:37 p.m.: Pene guardo el Objeto #4.
03:56:37 p.m.: Pene guardo el Objeto #5.
03:57:41 p.m.: Pene ha actualizado el mapa #1
03:58:51 p.m.: Pene ha actualizado el mapa #1
04:00:05 p.m.: Pene guardo el Objeto #1.
04:01:17 p.m.: Pene guardo el Objeto #1.
04:01:17 p.m.: Pene guardo el Objeto #6.
04:01:17 p.m.: Pene guardo el Objeto #7.
04:01:54 p.m.: Pene ha actualizado el mapa #1
04:13:20 p.m.: Pene guardo el Hechizo #1.
04:13:20 p.m.: Pene guardo el Hechizo #5.
04:16:24 p.m.: Pene guardo el Hechizo #1.
04:16:24 p.m.: Pene guardo el Hechizo #5.
04:19:47 p.m.: Pene guardo el Hechizo #1.
04:19:47 p.m.: Pene guardo el Hechizo #2.
04:19:47 p.m.: Pene guardo el Hechizo #3.
04:19:47 p.m.: Pene guardo el Hechizo #4.
04:19:47 p.m.: Pene guardo el Hechizo #5.
04:21:09 p.m.: Pene guardo el Hechizo #1.
04:21:09 p.m.: Pene guardo el Hechizo #5.
04:21:22 p.m.: Pene guardo el Hechizo #1.
04:21:22 p.m.: Pene guardo el Hechizo #5.
05:01:29 p.m.: Pene guardo el Hechizo #1.
05:02:14 p.m.: Pene guardo el Objeto #1.
05:02:28 p.m.: Pene ha actualizado el mapa #1
05:10:31 p.m.: Pene guardo el Hechizo #1.
05:10:48 p.m.: Pene guardo el Hechizo #1.
05:14:26 p.m.: Pene guardo el Hechizo #1.
03:18:26 p.m.: Pene ha transportado a Berserker hacia el mismo, mapa #1.
04:40:50 p.m.: Pene guardo el Objeto #1.
04:40:50 p.m.: Pene guardo el Objeto #7.
12:13:09 a.m.: Pene guardo el Objeto #1.
12:13:09 a.m.: Pene guardo el Objeto #8.
12:25:06 a.m.: Pene guardo el Objeto #1.
12:25:06 a.m.: Pene guardo el Objeto #8.
12:26:27 a.m.: Pene guardo la Tienda #1.
12:26:27 a.m.: Pene guardo la Tienda #6.
11:41:14 p.m.: Pene ha actualizado el mapa #1
9:23:08 PM: Pene ha transportado a PENE3 hacia el mismo, mapa #1.
6:59:18 PM: Programador teletransportado al mapa #1.
7:27:21 PM: Programador ha actualizado el mapa #1
7:42:43 PM: Programador ha actualizado el mapa #1
7:46:07 PM: Programador ha actualizado el mapa #1
8:10:39 PM: Programador ha actualizado el mapa #1
8:12:03 PM: Programador ha actualizado el mapa #1
8:13:18 PM: Programador ha actualizado el mapa #1
8:24:03 PM: Programador ha actualizado el mapa #1
8:25:10 PM: Programador ha actualizado el mapa #1
8:25:46 PM: Programador ha actualizado el mapa #1
8:26:17 PM: Programador ha actualizado el mapa #1
4:31:12 PM: Programador ha actualizado el mapa #1
5:57:11 PM: Programador ha actualizado el mapa #1
5:09:08 PM: Programador ha actualizado el mapa #1
5:10:37 PM: Programador guardo el Objeto #1.
5:10:37 PM: Programador guardo el Objeto #9.
5:10:37 PM: Programador guardo el Objeto #10.
5:11:00 PM: Programador guardo la Tienda #1.
5:15:53 PM: Programador guardo la Tienda #1.
5:33:45 PM: Programador guardo la Tienda #1.
5:34:14 PM: Programador ha actualizado el mapa #1
11:48:54 AM: Pene ha actualizado el mapa #1
1:01:14 PM: Pene ha actualizado el mapa #1
1:08:59 PM: Pene ha actualizado el mapa #1
1:15:46 PM: Pene ha actualizado el mapa #1
4:29:41 PM: Pene teletransportado al mapa #1.
4:29:44 PM: Pene teletransportado al mapa #2.
4:29:52 PM: Pene teletransportado al mapa #1.
7:13:24 PM: Pene ha actualizado el mapa #1
7:20:51 PM: Pene ha actualizado el mapa #1
6:27:55 PM: Pene ha actualizado el mapa #1
6:28:09 PM: Pene ha actualizado el mapa #1
6:28:20 PM: Pene ha actualizado el mapa #1
6:30:08 PM: Pene ha actualizado el mapa #1
7:15:39 PM: Pene ha actualizado el mapa #1
7:18:05 PM: Pene ha actualizado el mapa #1
7:21:24 PM: Pene ha actualizado el mapa #1
7:24:26 PM: Pene ha actualizado el mapa #1
7:25:06 PM: Pene ha actualizado el mapa #1
7:25:29 PM: Pene ha actualizado el mapa #1
7:25:48 PM: Pene ha actualizado el mapa #1
7:27:08 PM: Pene ha actualizado el mapa #1
7:27:33 PM: Pene ha actualizado el mapa #1
7:29:19 PM: Pene ha actualizado el mapa #1
7:29:40 PM: Pene ha actualizado el mapa #1
7:30:02 PM: Pene guardo el NPC #1.
7:30:02 PM: Pene guardo el NPC #2.
7:30:46 PM: Pene ha actualizado el mapa #1
8:10:13 PM: Pene aniquilo aPene.
11:03:11 AM: Pene teletransportado al mapa #1.
11:03:13 AM: Pene teletransportado al mapa #2.
11:03:14 AM: Pene teletransportado al mapa #3.
11:03:16 AM: Pene teletransportado al mapa #4.
11:03:17 AM: Pene teletransportado al mapa #1.
11:03:18 AM: Pene teletransportado al mapa #2.
11:03:20 AM: Pene teletransportado al mapa #1.
11:03:25 AM: Pene ha actualizado el mapa #1
11:03:26 AM: Pene ha actualizado el mapa #1
11:03:26 AM: Pene ha actualizado el mapa #1
11:03:27 AM: Pene ha actualizado el mapa #1
11:03:30 AM: Pene ha actualizado el mapa #1
11:03:35 AM: Pene ha actualizado el mapa #1
11:03:51 AM: Pene teletransportado al mapa #3.
11:04:08 AM: Pene teletransportado al mapa #1.
11:04:16 AM: Pene ha actualizado el mapa #1
11:04:18 AM: Pene ha actualizado el mapa #1
11:04:23 AM: Pene teletransportado al mapa #2.
11:04:27 AM: Pene teletransportado al mapa #3.
11:04:28 AM: Pene teletransportado al mapa #3.
11:04:28 AM: Pene teletransportado al mapa #3.
11:04:30 AM: Pene teletransportado al mapa #4.
1:51:50 PM: Pene teletransportado al mapa #1.
1:51:51 PM: Pene teletransportado al mapa #11.
1:51:53 PM: Pene teletransportado al mapa #11.
1:51:53 PM: Pene teletransportado al mapa #11.
1:52:10 PM: Pene ha actualizado el mapa #11
1:53:07 PM: Pene teletransportado al mapa #11.
